2023-03-26	1318137f-0422-4242-bfed-9acedaf3da26	POST	/	undefined
2023-03-26	a613861a-0277-41f4-866d-4bae7d57faa3	POST	/	undefined	/
2023-03-26	08725b23-3819-4ecd-8ea3-0d6df832065c	POST	/user	undefined	/user
2023-03-26	bb4bf992-b9b8-423c-8d6d-6783bc258cdf	POST	/user	undefined	/user
2023-03-26	2547b2ff-fd46-44b3-8745-ed693cedd81f	POST	/users	undefined	/users
2023-03-26	ef243de0-f58f-4ecc-a5d6-c8debeecb1d6	POST	/users	undefined	/users
2023-03-26	1eda6649-269a-47df-abd3-10c95c0fc7ca	POST	/users	undefined	/users
2023-03-26	5fc04714-a0e9-47de-8efa-c2a2ee7af933	POST	/users	undefined	/users
2023-03-26	d407c623-ab46-43fe-a674-681c0e24711f	GET	/users	undefined	/users
2023-03-26	bc66fb77-6bb9-4399-bca7-c9c93d565ba3	GET	/users	undefined	/users
2023-03-26	1782dde8-f652-4cd6-87b0-76985c85cb43	POST	/users	undefined	/users
2023-03-26	9976119b-ede7-4b9c-a9ba-d5722184896b	POST	/users	undefined	/users
2023-03-26	0ce2b9de-e92a-484d-b10c-662f3b12cf0e	POST	/users	undefined	/users
2023-03-26	71dc2229-02db-4032-bd40-4ba190abd5bd	POST	/users	undefined	/users
2023-03-26	ab1c0b5c-de5d-4bd3-be8f-539d40f94058	POST	/users	undefined	/users
2023-03-26	e901ef17-ed03-489f-88d1-c1ff3c5cdbfd	POST	/users	undefined	/users
2023-03-26	0ad2ab25-415c-42c1-ba84-d38212662e80	POST	/users	undefined	/users
2023-03-26	a6895f62-0940-48ee-a0ac-750c86eff013	POST	/users	undefined	/users
2023-03-26	dc79ccc1-a6e1-4ab8-86d4-0d2a458ccdca	POST	/users	undefined	/users
2023-03-26	3ef16da6-4201-413b-afaf-e396093be7fd	POST	/users	undefined	/users
2023-03-26	18162c4a-5c73-43f0-8efa-9c13fcec57a8	POST	/users	undefined	/users
2023-03-26	01d2ec89-6450-4a3a-8514-9d94cdef203d	POST	/users	undefined	/users
2023-03-26	46e87586-ca48-4533-b24e-08a863199721	POST	/users	undefined	/users
2023-03-26	d0a951da-b7fa-465e-905a-78c90a6c5e90	POST	/users	undefined	/users
2023-03-26	d12f1a13-ea34-4c2d-bf18-2fea0ff96a30	POST	/users	undefined	/users
2023-03-26	2d31246c-d507-4a15-b8a3-9533a8970abb	POST	/users	undefined	/users
2023-03-26	d0a7c5b3-1cc3-4e9a-8a84-d044601b6901	POST	/users	undefined	/users
2023-03-26	b2f13c3d-7381-4be5-b9a9-e6adef84d3d2	POST	/users	undefined	/users
2023-03-26	e87324f1-0b07-46b5-8dec-5bf1d1556a29	POST	/users	undefined	/users
2023-03-26	6bbd8fd6-ecf1-40c8-aa20-a63b33784cf8	POST	/users	undefined	/users
2023-03-26	41d51472-b145-4d7d-ac2b-f39359098c06	POST	/users	undefined	/users
2023-03-26	a1f71645-444c-4542-9713-81289b830e39	POST	/users	undefined	/users
2023-03-26	ecd49963-d9d0-48e5-8b1a-4fa72d5aa397	POST	/users	undefined	/users
2023-03-27	0b60be93-c84d-4b98-a0c9-e3076b9ecc8f	POST	/users	undefined	/users
2023-03-27	cee0d28a-7b24-440b-8474-2d3003f6347b	POST	/users	undefined	/users
2023-03-27	f43e78b9-636f-4b3d-9da8-daec559019cb	POST	/users	undefined	/users
2023-03-27	81f21aad-ac5c-4d06-b8a7-f20c1f286794	POST	/users	undefined	/users
2023-03-27	9c91ff83-0329-4aea-9508-b55126076f73	POST	/users	undefined	/users
2023-03-27	d31237a4-b828-4cea-9c42-2c52c912b806	POST	/users	undefined	/users
